<?xml version="1.0" encoding="UTF-8"?>
<testsuite xmlns:xsi="http://www.w3.org/2001/XMLSchema-instance" xsi:noNamespaceSchemaLocation="https://maven.apache.org/surefire/maven-surefire-plugin/xsd/surefire-test-report.xsd" name="net.person.blog.TestEmailSender" time="0.002" tests="0" errors="0" skipped="0" failures="0">
  <properties>
    <property name="sun.desktop" value="windows"/>
    <property name="awt.toolkit" value="sun.awt.windows.WToolkit"/>
    <property name="file.encoding.pkg" value="sun.io"/>
    <property name="java.specification.version" value="1.8"/>
    <property name="sun.cpu.isalist" value="amd64"/>
    <property name="sun.jnu.encoding" value="GBK"/>
    <property name="java.class.path" value="F:\WorkSpace\IDEAWorkSpace\BlogSystem\target\test-classes;F:\WorkSpace\IDEAWorkSpace\BlogSystem\target\classes;F:\Work\maven\repository\org\springframework\boot\spring-boot-starter-web\2.0.3.RELEASE\spring-boot-starter-web-2.0.3.RELEASE.jar;F:\Work\maven\repository\org\springframework\boot\spring-boot-starter\2.0.3.RELEASE\spring-boot-starter-2.0.3.RELEASE.jar;F:\Work\maven\repository\org\springframework\boot\spring-boot\2.0.3.RELEASE\spring-boot-2.0.3.RELEASE.jar;F:\Work\maven\repository\org\springframework\boot\spring-boot-autoconfigure\2.0.3.RELEASE\spring-boot-autoconfigure-2.0.3.RELEASE.jar;F:\Work\maven\repository\org\springframework\boot\spring-boot-starter-logging\2.0.3.RELEASE\spring-boot-starter-logging-2.0.3.RELEASE.jar;F:\Work\maven\repository\ch\qos\logback\logback-classic\1.2.3\logback-classic-1.2.3.jar;F:\Work\maven\repository\ch\qos\logback\logback-core\1.2.3\logback-core-1.2.3.jar;F:\Work\maven\repository\org\apache\logging\log4j\log4j-to-slf4j\2.10.0\log4j-to-slf4j-2.10.0.jar;F:\Work\maven\repository\org\apache\logging\log4j\log4j-api\2.10.0\log4j-api-2.10.0.jar;F:\Work\maven\repository\org\slf4j\jul-to-slf4j\1.7.25\jul-to-slf4j-1.7.25.jar;F:\Work\maven\repository\javax\annotation\javax.annotation-api\1.3.2\javax.annotation-api-1.3.2.jar;F:\Work\maven\repository\org\springframework\spring-core\5.0.7.RELEASE\spring-core-5.0.7.RELEASE.jar;F:\Work\maven\repository\org\springframework\spring-jcl\5.0.7.RELEASE\spring-jcl-5.0.7.RELEASE.jar;F:\Work\maven\repository\org\yaml\snakeyaml\1.19\snakeyaml-1.19.jar;F:\Work\maven\repository\org\springframework\boot\spring-boot-starter-json\2.0.3.RELEASE\spring-boot-starter-json-2.0.3.RELEASE.jar;F:\Work\maven\repository\com\fasterxml\jackson\datatype\jackson-datatype-jdk8\2.9.6\jackson-datatype-jdk8-2.9.6.jar;F:\Work\maven\repository\com\fasterxml\jackson\datatype\jackson-datatype-jsr310\2.9.6\jackson-datatype-jsr310-2.9.6.jar;F:\Work\maven\repository\com\fasterxml\jackson\module\jackson-module-parameter-names\2.9.6\jackson-module-parameter-names-2.9.6.jar;F:\Work\maven\repository\org\springframework\boot\spring-boot-starter-tomcat\2.0.3.RELEASE\spring-boot-starter-tomcat-2.0.3.RELEASE.jar;F:\Work\maven\repository\org\apache\tomcat\embed\tomcat-embed-core\8.5.31\tomcat-embed-core-8.5.31.jar;F:\Work\maven\repository\org\apache\tomcat\embed\tomcat-embed-el\8.5.31\tomcat-embed-el-8.5.31.jar;F:\Work\maven\repository\org\apache\tomcat\embed\tomcat-embed-websocket\8.5.31\tomcat-embed-websocket-8.5.31.jar;F:\Work\maven\repository\org\hibernate\validator\hibernate-validator\6.0.10.Final\hibernate-validator-6.0.10.Final.jar;F:\Work\maven\repository\javax\validation\validation-api\2.0.1.Final\validation-api-2.0.1.Final.jar;F:\Work\maven\repository\org\jboss\logging\jboss-logging\3.3.2.Final\jboss-logging-3.3.2.Final.jar;F:\Work\maven\repository\org\springframework\spring-web\5.0.7.RELEASE\spring-web-5.0.7.RELEASE.jar;F:\Work\maven\repository\org\springframework\spring-beans\5.0.7.RELEASE\spring-beans-5.0.7.RELEASE.jar;F:\Work\maven\repository\org\springframework\spring-webmvc\5.0.7.RELEASE\spring-webmvc-5.0.7.RELEASE.jar;F:\Work\maven\repository\org\springframework\spring-context\5.0.7.RELEASE\spring-context-5.0.7.RELEASE.jar;F:\Work\maven\repository\org\springframework\spring-expression\5.0.7.RELEASE\spring-expression-5.0.7.RELEASE.jar;F:\Work\maven\repository\org\apache\commons\commons-pool2\2.5.0\commons-pool2-2.5.0.jar;F:\Work\maven\repository\org\springframework\boot\spring-boot-starter-data-jpa\2.0.3.RELEASE\spring-boot-starter-data-jpa-2.0.3.RELEASE.jar;F:\Work\maven\repository\org\springframework\boot\spring-boot-starter-aop\2.0.3.RELEASE\spring-boot-starter-aop-2.0.3.RELEASE.jar;F:\Work\maven\repository\org\aspectj\aspectjweaver\1.8.13\aspectjweaver-1.8.13.jar;F:\Work\maven\repository\org\springframework\boot\spring-boot-starter-jdbc\2.0.3.RELEASE\spring-boot-starter-jdbc-2.0.3.RELEASE.jar;F:\Work\maven\repository\com\zaxxer\HikariCP\2.7.9\HikariCP-2.7.9.jar;F:\Work\maven\repository\org\springframework\spring-jdbc\5.0.7.RELEASE\spring-jdbc-5.0.7.RELEASE.jar;F:\Work\maven\repository\org\hibernate\hibernate-core\5.2.17.Final\hibernate-core-5.2.17.Final.jar;F:\Work\maven\repository\org\hibernate\javax\persistence\hibernate-jpa-2.1-api\1.0.2.Final\hibernate-jpa-2.1-api-1.0.2.Final.jar;F:\Work\maven\repository\org\javassist\javassist\3.22.0-GA\javassist-3.22.0-GA.jar;F:\Work\maven\repository\antlr\antlr\2.7.7\antlr-2.7.7.jar;F:\Work\maven\repository\org\jboss\jandex\2.0.3.Final\jandex-2.0.3.Final.jar;F:\Work\maven\repository\dom4j\dom4j\1.6.1\dom4j-1.6.1.jar;F:\Work\maven\repository\org\hibernate\common\hibernate-commons-annotations\5.0.1.Final\hibernate-commons-annotations-5.0.1.Final.jar;F:\Work\maven\repository\javax\transaction\javax.transaction-api\1.2\javax.transaction-api-1.2.jar;F:\Work\maven\repository\org\springframework\data\spring-data-jpa\2.0.8.RELEASE\spring-data-jpa-2.0.8.RELEASE.jar;F:\Work\maven\repository\org\springframework\data\spring-data-commons\2.0.8.RELEASE\spring-data-commons-2.0.8.RELEASE.jar;F:\Work\maven\repository\org\springframework\spring-orm\5.0.7.RELEASE\spring-orm-5.0.7.RELEASE.jar;F:\Work\maven\repository\org\springframework\spring-tx\5.0.7.RELEASE\spring-tx-5.0.7.RELEASE.jar;F:\Work\maven\repository\org\springframework\spring-aspects\5.0.7.RELEASE\spring-aspects-5.0.7.RELEASE.jar;F:\Work\maven\repository\mysql\mysql-connector-java\5.1.46\mysql-connector-java-5.1.46.jar;F:\Work\maven\repository\org\mybatis\spring\boot\mybatis-spring-boot-starter\2.1.3\mybatis-spring-boot-starter-2.1.3.jar;F:\Work\maven\repository\org\mybatis\spring\boot\mybatis-spring-boot-autoconfigure\2.1.3\mybatis-spring-boot-autoconfigure-2.1.3.jar;F:\Work\maven\repository\org\mybatis\mybatis\3.5.5\mybatis-3.5.5.jar;F:\Work\maven\repository\org\mybatis\mybatis-spring\2.0.5\mybatis-spring-2.0.5.jar;F:\Work\maven\repository\org\projectlombok\lombok\1.18.12\lombok-1.18.12.jar;F:\Work\maven\repository\io\springfox\springfox-swagger2\2.9.2\springfox-swagger2-2.9.2.jar;F:\Work\maven\repository\io\swagger\swagger-annotations\1.5.20\swagger-annotations-1.5.20.jar;F:\Work\maven\repository\io\swagger\swagger-models\1.5.20\swagger-models-1.5.20.jar;F:\Work\maven\repository\com\fasterxml\jackson\core\jackson-annotations\2.9.0\jackson-annotations-2.9.0.jar;F:\Work\maven\repository\io\springfox\springfox-spi\2.9.2\springfox-spi-2.9.2.jar;F:\Work\maven\repository\io\springfox\springfox-core\2.9.2\springfox-core-2.9.2.jar;F:\Work\maven\repository\net\bytebuddy\byte-buddy\1.7.11\byte-buddy-1.7.11.jar;F:\Work\maven\repository\io\springfox\springfox-schema\2.9.2\springfox-schema-2.9.2.jar;F:\Work\maven\repository\io\springfox\springfox-swagger-common\2.9.2\springfox-swagger-common-2.9.2.jar;F:\Work\maven\repository\io\springfox\springfox-spring-web\2.9.2\springfox-spring-web-2.9.2.jar;F:\Work\maven\repository\com\google\guava\guava\20.0\guava-20.0.jar;F:\Work\maven\repository\com\fasterxml\classmate\1.3.4\classmate-1.3.4.jar;F:\Work\maven\repository\org\slf4j\slf4j-api\1.7.25\slf4j-api-1.7.25.jar;F:\Work\maven\repository\org\springframework\plugin\spring-plugin-core\1.2.0.RELEASE\spring-plugin-core-1.2.0.RELEASE.jar;F:\Work\maven\repository\org\springframework\plugin\spring-plugin-metadata\1.2.0.RELEASE\spring-plugin-metadata-1.2.0.RELEASE.jar;F:\Work\maven\repository\org\mapstruct\mapstruct\1.2.0.Final\mapstruct-1.2.0.Final.jar;F:\Work\maven\repository\io\springfox\springfox-swagger-ui\2.9.2\springfox-swagger-ui-2.9.2.jar;F:\Work\maven\repository\org\springframework\boot\spring-boot-starter-security\2.0.3.RELEASE\spring-boot-starter-security-2.0.3.RELEASE.jar;F:\Work\maven\repository\org\springframework\spring-aop\5.0.7.RELEASE\spring-aop-5.0.7.RELEASE.jar;F:\Work\maven\repository\org\springframework\security\spring-security-config\5.0.6.RELEASE\spring-security-config-5.0.6.RELEASE.jar;F:\Work\maven\repository\org\springframework\security\spring-security-core\5.0.6.RELEASE\spring-security-core-5.0.6.RELEASE.jar;F:\Work\maven\repository\org\springframework\security\spring-security-web\5.0.6.RELEASE\spring-security-web-5.0.6.RELEASE.jar;F:\Work\maven\repository\com\github\whvcse\easy-captcha\1.6.2\easy-captcha-1.6.2.jar;F:\Work\maven\repository\com\sun\mail\javax.mail\1.6.2\javax.mail-1.6.2.jar;F:\Work\maven\repository\javax\activation\activation\1.1\activation-1.1.jar;F:\Work\maven\repository\org\springframework\boot\spring-boot-starter-data-redis\2.0.3.RELEASE\spring-boot-starter-data-redis-2.0.3.RELEASE.jar;F:\Work\maven\repository\org\springframework\data\spring-data-redis\2.0.8.RELEASE\spring-data-redis-2.0.8.RELEASE.jar;F:\Work\maven\repository\org\springframework\data\spring-data-keyvalue\2.0.8.RELEASE\spring-data-keyvalue-2.0.8.RELEASE.jar;F:\Work\maven\repository\org\springframework\spring-oxm\5.0.7.RELEASE\spring-oxm-5.0.7.RELEASE.jar;F:\Work\maven\repository\org\springframework\spring-context-support\5.0.7.RELEASE\spring-context-support-5.0.7.RELEASE.jar;F:\Work\maven\repository\io\lettuce\lettuce-core\5.0.4.RELEASE\lettuce-core-5.0.4.RELEASE.jar;F:\Work\maven\repository\io\projectreactor\reactor-core\3.1.8.RELEASE\reactor-core-3.1.8.RELEASE.jar;F:\Work\maven\repository\org\reactivestreams\reactive-streams\1.0.2\reactive-streams-1.0.2.jar;F:\Work\maven\repository\io\netty\netty-common\4.1.25.Final\netty-common-4.1.25.Final.jar;F:\Work\maven\repository\io\netty\netty-transport\4.1.25.Final\netty-transport-4.1.25.Final.jar;F:\Work\maven\repository\io\netty\netty-buffer\4.1.25.Final\netty-buffer-4.1.25.Final.jar;F:\Work\maven\repository\io\netty\netty-resolver\4.1.25.Final\netty-resolver-4.1.25.Final.jar;F:\Work\maven\repository\io\netty\netty-handler\4.1.25.Final\netty-handler-4.1.25.Final.jar;F:\Work\maven\repository\io\netty\netty-codec\4.1.25.Final\netty-codec-4.1.25.Final.jar;F:\Work\maven\repository\io\jsonwebtoken\jjwt\0.6.0\jjwt-0.6.0.jar;F:\Work\maven\repository\com\fasterxml\jackson\core\jackson-databind\2.9.6\jackson-databind-2.9.6.jar;F:\Work\maven\repository\com\fasterxml\jackson\core\jackson-core\2.9.6\jackson-core-2.9.6.jar;F:\Work\maven\repository\com\google\code\gson\gson\2.8.5\gson-2.8.5.jar;"/>
    <property name="java.vm.vendor" value="Oracle Corporation"/>
    <property name="sun.arch.data.model" value="64"/>
    <property name="user.variant" value=""/>
    <property name="java.vendor.url" value="http://java.oracle.com/"/>
    <property name="user.timezone" value=""/>
    <property name="java.vm.specification.version" value="1.8"/>
    <property name="os.name" value="Windows 10"/>
    <property name="user.country" value="CN"/>
    <property name="sun.java.launcher" value="SUN_STANDARD"/>
    <property name="sun.boot.library.path" value="F:\Work\Java\jdk1.8.0_172\jre\bin"/>
    <property name="sun.java.command" value="C:\Users\ADMINI~1\AppData\Local\Temp\surefire5436483009208817101\surefirebooter4805866078485623487.jar C:\Users\Administrator\AppData\Local\Temp\surefire5436483009208817101 2020-09-19T10-06-24_764-jvmRun1 surefire7358087224859295112tmp surefire_084915269636618229tmp"/>
    <property name="surefire.test.class.path" value="F:\WorkSpace\IDEAWorkSpace\BlogSystem\target\test-classes;F:\WorkSpace\IDEAWorkSpace\BlogSystem\target\classes;F:\Work\maven\repository\org\springframework\boot\spring-boot-starter-web\2.0.3.RELEASE\spring-boot-starter-web-2.0.3.RELEASE.jar;F:\Work\maven\repository\org\springframework\boot\spring-boot-starter\2.0.3.RELEASE\spring-boot-starter-2.0.3.RELEASE.jar;F:\Work\maven\repository\org\springframework\boot\spring-boot\2.0.3.RELEASE\spring-boot-2.0.3.RELEASE.jar;F:\Work\maven\repository\org\springframework\boot\spring-boot-autoconfigure\2.0.3.RELEASE\spring-boot-autoconfigure-2.0.3.RELEASE.jar;F:\Work\maven\repository\org\springframework\boot\spring-boot-starter-logging\2.0.3.RELEASE\spring-boot-starter-logging-2.0.3.RELEASE.jar;F:\Work\maven\repository\ch\qos\logback\logback-classic\1.2.3\logback-classic-1.2.3.jar;F:\Work\maven\repository\ch\qos\logback\logback-core\1.2.3\logback-core-1.2.3.jar;F:\Work\maven\repository\org\apache\logging\log4j\log4j-to-slf4j\2.10.0\log4j-to-slf4j-2.10.0.jar;F:\Work\maven\repository\org\apache\logging\log4j\log4j-api\2.10.0\log4j-api-2.10.0.jar;F:\Work\maven\repository\org\slf4j\jul-to-slf4j\1.7.25\jul-to-slf4j-1.7.25.jar;F:\Work\maven\repository\javax\annotation\javax.annotation-api\1.3.2\javax.annotation-api-1.3.2.jar;F:\Work\maven\repository\org\springframework\spring-core\5.0.7.RELEASE\spring-core-5.0.7.RELEASE.jar;F:\Work\maven\repository\org\springframework\spring-jcl\5.0.7.RELEASE\spring-jcl-5.0.7.RELEASE.jar;F:\Work\maven\repository\org\yaml\snakeyaml\1.19\snakeyaml-1.19.jar;F:\Work\maven\repository\org\springframework\boot\spring-boot-starter-json\2.0.3.RELEASE\spring-boot-starter-json-2.0.3.RELEASE.jar;F:\Work\maven\repository\com\fasterxml\jackson\datatype\jackson-datatype-jdk8\2.9.6\jackson-datatype-jdk8-2.9.6.jar;F:\Work\maven\repository\com\fasterxml\jackson\datatype\jackson-datatype-jsr310\2.9.6\jackson-datatype-jsr310-2.9.6.jar;F:\Work\maven\repository\com\fasterxml\jackson\module\jackson-module-parameter-names\2.9.6\jackson-module-parameter-names-2.9.6.jar;F:\Work\maven\repository\org\springframework\boot\spring-boot-starter-tomcat\2.0.3.RELEASE\spring-boot-starter-tomcat-2.0.3.RELEASE.jar;F:\Work\maven\repository\org\apache\tomcat\embed\tomcat-embed-core\8.5.31\tomcat-embed-core-8.5.31.jar;F:\Work\maven\repository\org\apache\tomcat\embed\tomcat-embed-el\8.5.31\tomcat-embed-el-8.5.31.jar;F:\Work\maven\repository\org\apache\tomcat\embed\tomcat-embed-websocket\8.5.31\tomcat-embed-websocket-8.5.31.jar;F:\Work\maven\repository\org\hibernate\validator\hibernate-validator\6.0.10.Final\hibernate-validator-6.0.10.Final.jar;F:\Work\maven\repository\javax\validation\validation-api\2.0.1.Final\validation-api-2.0.1.Final.jar;F:\Work\maven\repository\org\jboss\logging\jboss-logging\3.3.2.Final\jboss-logging-3.3.2.Final.jar;F:\Work\maven\repository\org\springframework\spring-web\5.0.7.RELEASE\spring-web-5.0.7.RELEASE.jar;F:\Work\maven\repository\org\springframework\spring-beans\5.0.7.RELEASE\spring-beans-5.0.7.RELEASE.jar;F:\Work\maven\repository\org\springframework\spring-webmvc\5.0.7.RELEASE\spring-webmvc-5.0.7.RELEASE.jar;F:\Work\maven\repository\org\springframework\spring-context\5.0.7.RELEASE\spring-context-5.0.7.RELEASE.jar;F:\Work\maven\repository\org\springframework\spring-expression\5.0.7.RELEASE\spring-expression-5.0.7.RELEASE.jar;F:\Work\maven\repository\org\apache\commons\commons-pool2\2.5.0\commons-pool2-2.5.0.jar;F:\Work\maven\repository\org\springframework\boot\spring-boot-starter-data-jpa\2.0.3.RELEASE\spring-boot-starter-data-jpa-2.0.3.RELEASE.jar;F:\Work\maven\repository\org\springframework\boot\spring-boot-starter-aop\2.0.3.RELEASE\spring-boot-starter-aop-2.0.3.RELEASE.jar;F:\Work\maven\repository\org\aspectj\aspectjweaver\1.8.13\aspectjweaver-1.8.13.jar;F:\Work\maven\repository\org\springframework\boot\spring-boot-starter-jdbc\2.0.3.RELEASE\spring-boot-starter-jdbc-2.0.3.RELEASE.jar;F:\Work\maven\repository\com\zaxxer\HikariCP\2.7.9\HikariCP-2.7.9.jar;F:\Work\maven\repository\org\springframework\spring-jdbc\5.0.7.RELEASE\spring-jdbc-5.0.7.RELEASE.jar;F:\Work\maven\repository\org\hibernate\hibernate-core\5.2.17.Final\hibernate-core-5.2.17.Final.jar;F:\Work\maven\repository\org\hibernate\javax\persistence\hibernate-jpa-2.1-api\1.0.2.Final\hibernate-jpa-2.1-api-1.0.2.Final.jar;F:\Work\maven\repository\org\javassist\javassist\3.22.0-GA\javassist-3.22.0-GA.jar;F:\Work\maven\repository\antlr\antlr\2.7.7\antlr-2.7.7.jar;F:\Work\maven\repository\org\jboss\jandex\2.0.3.Final\jandex-2.0.3.Final.jar;F:\Work\maven\repository\dom4j\dom4j\1.6.1\dom4j-1.6.1.jar;F:\Work\maven\repository\org\hibernate\common\hibernate-commons-annotations\5.0.1.Final\hibernate-commons-annotations-5.0.1.Final.jar;F:\Work\maven\repository\javax\transaction\javax.transaction-api\1.2\javax.transaction-api-1.2.jar;F:\Work\maven\repository\org\springframework\data\spring-data-jpa\2.0.8.RELEASE\spring-data-jpa-2.0.8.RELEASE.jar;F:\Work\maven\repository\org\springframework\data\spring-data-commons\2.0.8.RELEASE\spring-data-commons-2.0.8.RELEASE.jar;F:\Work\maven\repository\org\springframework\spring-orm\5.0.7.RELEASE\spring-orm-5.0.7.RELEASE.jar;F:\Work\maven\repository\org\springframework\spring-tx\5.0.7.RELEASE\spring-tx-5.0.7.RELEASE.jar;F:\Work\maven\repository\org\springframework\spring-aspects\5.0.7.RELEASE\spring-aspects-5.0.7.RELEASE.jar;F:\Work\maven\repository\mysql\mysql-connector-java\5.1.46\mysql-connector-java-5.1.46.jar;F:\Work\maven\repository\org\mybatis\spring\boot\mybatis-spring-boot-starter\2.1.3\mybatis-spring-boot-starter-2.1.3.jar;F:\Work\maven\repository\org\mybatis\spring\boot\mybatis-spring-boot-autoconfigure\2.1.3\mybatis-spring-boot-autoconfigure-2.1.3.jar;F:\Work\maven\repository\org\mybatis\mybatis\3.5.5\mybatis-3.5.5.jar;F:\Work\maven\repository\org\mybatis\mybatis-spring\2.0.5\mybatis-spring-2.0.5.jar;F:\Work\maven\repository\org\projectlombok\lombok\1.18.12\lombok-1.18.12.jar;F:\Work\maven\repository\io\springfox\springfox-swagger2\2.9.2\springfox-swagger2-2.9.2.jar;F:\Work\maven\repository\io\swagger\swagger-annotations\1.5.20\swagger-annotations-1.5.20.jar;F:\Work\maven\repository\io\swagger\swagger-models\1.5.20\swagger-models-1.5.20.jar;F:\Work\maven\repository\com\fasterxml\jackson\core\jackson-annotations\2.9.0\jackson-annotations-2.9.0.jar;F:\Work\maven\repository\io\springfox\springfox-spi\2.9.2\springfox-spi-2.9.2.jar;F:\Work\maven\repository\io\springfox\springfox-core\2.9.2\springfox-core-2.9.2.jar;F:\Work\maven\repository\net\bytebuddy\byte-buddy\1.7.11\byte-buddy-1.7.11.jar;F:\Work\maven\repository\io\springfox\springfox-schema\2.9.2\springfox-schema-2.9.2.jar;F:\Work\maven\repository\io\springfox\springfox-swagger-common\2.9.2\springfox-swagger-common-2.9.2.jar;F:\Work\maven\repository\io\springfox\springfox-spring-web\2.9.2\springfox-spring-web-2.9.2.jar;F:\Work\maven\repository\com\google\guava\guava\20.0\guava-20.0.jar;F:\Work\maven\repository\com\fasterxml\classmate\1.3.4\classmate-1.3.4.jar;F:\Work\maven\repository\org\slf4j\slf4j-api\1.7.25\slf4j-api-1.7.25.jar;F:\Work\maven\repository\org\springframework\plugin\spring-plugin-core\1.2.0.RELEASE\spring-plugin-core-1.2.0.RELEASE.jar;F:\Work\maven\repository\org\springframework\plugin\spring-plugin-metadata\1.2.0.RELEASE\spring-plugin-metadata-1.2.0.RELEASE.jar;F:\Work\maven\repository\org\mapstruct\mapstruct\1.2.0.Final\mapstruct-1.2.0.Final.jar;F:\Work\maven\repository\io\springfox\springfox-swagger-ui\2.9.2\springfox-swagger-ui-2.9.2.jar;F:\Work\maven\repository\org\springframework\boot\spring-boot-starter-security\2.0.3.RELEASE\spring-boot-starter-security-2.0.3.RELEASE.jar;F:\Work\maven\repository\org\springframework\spring-aop\5.0.7.RELEASE\spring-aop-5.0.7.RELEASE.jar;F:\Work\maven\repository\org\springframework\security\spring-security-config\5.0.6.RELEASE\spring-security-config-5.0.6.RELEASE.jar;F:\Work\maven\repository\org\springframework\security\spring-security-core\5.0.6.RELEASE\spring-security-core-5.0.6.RELEASE.jar;F:\Work\maven\repository\org\springframework\security\spring-security-web\5.0.6.RELEASE\spring-security-web-5.0.6.RELEASE.jar;F:\Work\maven\repository\com\github\whvcse\easy-captcha\1.6.2\easy-captcha-1.6.2.jar;F:\Work\maven\repository\com\sun\mail\javax.mail\1.6.2\javax.mail-1.6.2.jar;F:\Work\maven\repository\javax\activation\activation\1.1\activation-1.1.jar;F:\Work\maven\repository\org\springframework\boot\spring-boot-starter-data-redis\2.0.3.RELEASE\spring-boot-starter-data-redis-2.0.3.RELEASE.jar;F:\Work\maven\repository\org\springframework\data\spring-data-redis\2.0.8.RELEASE\spring-data-redis-2.0.8.RELEASE.jar;F:\Work\maven\repository\org\springframework\data\spring-data-keyvalue\2.0.8.RELEASE\spring-data-keyvalue-2.0.8.RELEASE.jar;F:\Work\maven\repository\org\springframework\spring-oxm\5.0.7.RELEASE\spring-oxm-5.0.7.RELEASE.jar;F:\Work\maven\repository\org\springframework\spring-context-support\5.0.7.RELEASE\spring-context-support-5.0.7.RELEASE.jar;F:\Work\maven\repository\io\lettuce\lettuce-core\5.0.4.RELEASE\lettuce-core-5.0.4.RELEASE.jar;F:\Work\maven\repository\io\projectreactor\reactor-core\3.1.8.RELEASE\reactor-core-3.1.8.RELEASE.jar;F:\Work\maven\repository\org\reactivestreams\reactive-streams\1.0.2\reactive-streams-1.0.2.jar;F:\Work\maven\repository\io\netty\netty-common\4.1.25.Final\netty-common-4.1.25.Final.jar;F:\Work\maven\repository\io\netty\netty-transport\4.1.25.Final\netty-transport-4.1.25.Final.jar;F:\Work\maven\repository\io\netty\netty-buffer\4.1.25.Final\netty-buffer-4.1.25.Final.jar;F:\Work\maven\repository\io\netty\netty-resolver\4.1.25.Final\netty-resolver-4.1.25.Final.jar;F:\Work\maven\repository\io\netty\netty-handler\4.1.25.Final\netty-handler-4.1.25.Final.jar;F:\Work\maven\repository\io\netty\netty-codec\4.1.25.Final\netty-codec-4.1.25.Final.jar;F:\Work\maven\repository\io\jsonwebtoken\jjwt\0.6.0\jjwt-0.6.0.jar;F:\Work\maven\repository\com\fasterxml\jackson\core\jackson-databind\2.9.6\jackson-databind-2.9.6.jar;F:\Work\maven\repository\com\fasterxml\jackson\core\jackson-core\2.9.6\jackson-core-2.9.6.jar;F:\Work\maven\repository\com\google\code\gson\gson\2.8.5\gson-2.8.5.jar;"/>
    <property name="sun.cpu.endian" value="little"/>
    <property name="user.home" value="C:\Users\Administrator"/>
    <property name="user.language" value="zh"/>
    <property name="java.specification.vendor" value="Oracle Corporation"/>
    <property name="java.home" value="F:\Work\Java\jdk1.8.0_172\jre"/>
    <property name="basedir" value="F:\WorkSpace\IDEAWorkSpace\BlogSystem"/>
    <property name="file.separator" value="\"/>
    <property name="line.separator" value="&#10;"/>
    <property name="java.vm.specification.vendor" value="Oracle Corporation"/>
    <property name="java.specification.name" value="Java Platform API Specification"/>
    <property name="java.awt.graphicsenv" value="sun.awt.Win32GraphicsEnvironment"/>
    <property name="idea.version2020.1.1" value="true"/>
    <property name="surefire.real.class.path" value="C:\Users\ADMINI~1\AppData\Local\Temp\surefire5436483009208817101\surefirebooter4805866078485623487.jar"/>
    <property name="sun.boot.class.path" value="F:\Work\Java\jdk1.8.0_172\jre\lib\resources.jar;F:\Work\Java\jdk1.8.0_172\jre\lib\rt.jar;F:\Work\Java\jdk1.8.0_172\jre\lib\sunrsasign.jar;F:\Work\Java\jdk1.8.0_172\jre\lib\jsse.jar;F:\Work\Java\jdk1.8.0_172\jre\lib\jce.jar;F:\Work\Java\jdk1.8.0_172\jre\lib\charsets.jar;F:\Work\Java\jdk1.8.0_172\jre\lib\jfr.jar;F:\Work\Java\jdk1.8.0_172\jre\classes"/>
    <property name="user.script" value=""/>
    <property name="sun.management.compiler" value="HotSpot 64-Bit Tiered Compilers"/>
    <property name="java.runtime.version" value="1.8.0_172-b11"/>
    <property name="user.name" value="Administrator"/>
    <property name="path.separator" value=";"/>
    <property name="os.version" value="10.0"/>
    <property name="java.endorsed.dirs" value="F:\Work\Java\jdk1.8.0_172\jre\lib\endorsed"/>
    <property name="java.runtime.name" value="Java(TM) SE Runtime Environment"/>
    <property name="file.encoding" value="GBK"/>
    <property name="java.vm.name" value="Java HotSpot(TM) 64-Bit Server VM"/>
    <property name="localRepository" value="F:\Work\maven\repository"/>
    <property name="java.vendor.url.bug" value="http://bugreport.sun.com/bugreport/"/>
    <property name="java.io.tmpdir" value="C:\Users\ADMINI~1\AppData\Local\Temp\"/>
    <property name="java.version" value="1.8.0_172"/>
    <property name="user.dir" value="F:\WorkSpace\IDEAWorkSpace\BlogSystem"/>
    <property name="os.arch" value="amd64"/>
    <property name="java.vm.specification.name" value="Java Virtual Machine Specification"/>
    <property name="java.awt.printerjob" value="sun.awt.windows.WPrinterJob"/>
    <property name="sun.os.patch.level" value=""/>
    <property name="java.library.path" value="F:\Work\Java\jdk1.8.0_172\jre\bin;C:\Windows\Sun\Java\bin;C:\Windows\system32;C:\Windows;C:\Program Files (x86)\Common Files\Oracle\Java\javapath;C:\Windows\system32;C:\Windows;C:\Windows\System32\Wbem;C:\Windows\System32\WindowsPowerShell\v1.0\;C:\Windows\System32\OpenSSH\;C:\Program Files (x86)\NVIDIA Corporation\PhysX\Common;F:\Work\Java\jdk1.8.0_172\bin;F:\Work\apache-tomcat-8.5.56\bin;F:\Work\apache-maven-3.6.3\bin;F:\Program Files\Git\cmd;F:\Program Files\nodejs\;C:\Users\Administrator\AppData\Local\Microsoft\WindowsApps;C:\Users\Administrator\AppData\Roaming\npm;."/>
    <property name="java.vm.info" value="mixed mode"/>
    <property name="java.vendor" value="Oracle Corporation"/>
    <property name="java.vm.version" value="25.172-b11"/>
    <property name="java.ext.dirs" value="F:\Work\Java\jdk1.8.0_172\jre\lib\ext;C:\Windows\Sun\Java\lib\ext"/>
    <property name="sun.io.unicode.encoding" value="UnicodeLittle"/>
    <property name="java.class.version" value="52.0"/>
  </properties>
</testsuite>